<?xml version="1.0" encoding="UTF-8"?>
<testsuite xmlns:xsi="http://www.w3.org/2001/XMLSchema-instance" xsi:noNamespaceSchemaLocation="https://maven.apache.org/surefire/maven-surefire-plugin/xsd/surefire-test-report-3.0.xsd" version="3.0" name="ec.edu.poo.ArrayListUsoTest" time="0.002" tests="3" errors="0" skipped="0" failures="0">
  <properties>
[...]
</properties>
  <testcase name="constructorInicializaArrayList" classname="ec.edu.poo.ArrayListUsoTest" time="0.001"/>
  <testcase name="gestorUsaArrayListDeActivoDigitalNoEstatico" classname="ec.edu.poo.ArrayListUsoTest" time="0.0"/>
  <testcase name="dosGestoresTienenListasIndependientes" classname="ec.edu.poo.ArrayListUsoTest" time="0.0"/>
</testsuite>